# JRE version: OpenJDK Runtime Environment Microsoft-12574423 (17.0.17+10) (build 17.0.17+10-LTS)
# Java VM: OpenJDK 64-Bit Server VM Microsoft-12574423 (17.0.17+10-LTS, mixed mode, sharing, tiered, compressed oops, compressed class ptrs, g1 gc, windows-amd64)
GC Precious Log:
 CPUs: 12 total, 12 available
 Memory: 7501M
 Large Page Support: Disabled
 NUMA Support: Disabled
 Compressed Oops: Enabled (32-bit)
 Heap Region Size: 1M
 Heap Min Capacity: 8M
 Heap Initial Capacity: 118M
 Heap Max Capacity: 1876M
 Pre-touch: Disabled
 Parallel Workers: 10
 Concurrent Workers: 3
 Concurrent Refinement Workers: 10
 Periodic GC: Disabled
Heap:
 garbage-first heap   total 75776K, used 48799K [0x000000008ac00000, 0x0000000100000000)
  region size 1024K, 13 young (13312K), 1 survivors (1024K)
 Metaspace       used 59835K, committed 60480K, reserved 1114112K
  class space    used 7658K, committed 8000K, reserved 1048576K
GC Heap History (20 events):
Event: 15.980 GC heap before
{Heap before GC invocations=10 (full 0):
 garbage-first heap   total 75776K, used 61666K [0x000000008ac00000, 0x0000000100000000)
  region size 1024K, 44 young (45056K), 3 survivors (3072K)
 Metaspace       used 40663K, committed 41152K, reserved 1114112K
  class space    used 5335K, committed 5568K, reserved 1048576K
}
Event: 15.987 GC heap after
{Heap after GC invocations=11 (full 0):
 garbage-first heap   total 75776K, used 27211K [0x000000008ac00000, 0x0000000100000000)
  region size 1024K, 6 young (6144K), 6 survivors (6144K)
 Metaspace       used 40663K, committed 41152K, reserved 1114112K
  class space    used 5335K, committed 5568K, reserved 1048576K
}
Event: 17.452 GC heap before
{Heap before GC invocations=11 (full 0):
 garbage-first heap   total 75776K, used 55883K [0x000000008ac00000, 0x0000000100000000)
  region size 1024K, 34 young (34816K), 6 survivors (6144K)
 Metaspace       used 45184K, committed 45632K, reserved 1114112K
  class space    used 6082K, committed 6272K, reserved 1048576K
}
Event: 17.458 GC heap after
{Heap after GC invocations=12 (full 0):
 garbage-first heap   total 75776K, used 29973K [0x000000008ac00000, 0x0000000100000000)
  region size 1024K, 3 young (3072K), 3 survivors (3072K)
 Metaspace       used 45184K, committed 45632K, reserved 1114112K
  class space    used 6082K, committed 6272K, reserved 1048576K
}
Event: 18.618 GC heap before
{Heap before GC invocations=12 (full 0):
 garbage-first heap   total 75776K, used 56597K [0x000000008ac00000, 0x0000000100000000)
  region size 1024K, 29 young (29696K), 3 survivors (3072K)
 Metaspace       used 50660K, committed 51200K, reserved 1114112K
  class space    used 6767K, committed 7040K, reserved 1048576K
}
Event: 18.624 GC heap after
{Heap after GC invocations=13 (full 0):
 garbage-first heap   total 75776K, used 33945K [0x000000008ac00000, 0x0000000100000000)
  region size 1024K, 4 young (4096K), 4 survivors (4096K)
 Metaspace       used 50660K, committed 51200K, reserved 1114112K
  class space    used 6767K, committed 7040K, reserved 1048576K
}
Event: 65.706 GC heap before
{Heap before GC invocations=13 (full 0):
 garbage-first heap   total 75776K, used 56473K [0x000000008ac00000, 0x0000000100000000)
  region size 1024K, 27 young (27648K), 4 survivors (4096K)
 Metaspace       used 55190K, committed 55808K, reserved 1114112K
  class space    used 7378K, committed 7680K, reserved 1048576K
}
Event: 65.716 GC heap after
{Heap after GC invocations=14 (full 0):
 garbage-first heap   total 75776K, used 36084K [0x000000008ac00000, 0x0000000100000000)
  region size 1024K, 3 young (3072K), 3 survivors (3072K)
 Metaspace       used 55190K, committed 55808K, reserved 1114112K
  class space    used 7378K, committed 7680K, reserved 1048576K
}
Event: 281.679 GC heap before
{Heap before GC invocations=14 (full 0):
 garbage-first heap   total 75776K, used 56564K [0x000000008ac00000, 0x0000000100000000)
  region size 1024K, 24 young (24576K), 3 survivors (3072K)
 Metaspace       used 57841K, committed 58496K, reserved 1114112K
  class space    used 7655K, committed 8000K, reserved 1048576K
}
Event: 281.783 GC heap after
{Heap after GC invocations=15 (full 0):
 garbage-first heap   total 75776K, used 37853K [0x000000008ac00000, 0x0000000100000000)
  region size 1024K, 2 young (2048K), 2 survivors (2048K)
 Metaspace       used 57841K, committed 58496K, reserved 1114112K
  class space    used 7655K, committed 8000K, reserved 1048576K
}
Event: 598.325 GC heap before
{Heap before GC invocations=16 (full 0):
 garbage-first heap   total 75776K, used 59357K [0x000000008ac00000, 0x0000000100000000)
  region size 1024K, 23 young (23552K), 2 survivors (2048K)
 Metaspace       used 58644K, committed 59328K, reserved 1114112K
  class space    used 7657K, committed 8000K, reserved 1048576K
}
Event: 598.391 GC heap after
{Heap after GC invocations=17 (full 0):
 garbage-first heap   total 75776K, used 38030K [0x000000008ac00000, 0x0000000100000000)
  region size 1024K, 1 young (1024K), 1 survivors (1024K)
 Metaspace       used 58644K, committed 59328K, reserved 1114112K
  class space    used 7657K, committed 8000K, reserved 1048576K
}
Event: 622.043 GC heap before
{Heap before GC invocations=17 (full 0):
 garbage-first heap   total 75776K, used 40078K [0x000000008ac00000, 0x0000000100000000)
  region size 1024K, 3 young (3072K), 1 survivors (1024K)
 Metaspace       used 58804K, committed 59456K, reserved 1114112K
  class space    used 7658K, committed 8000K, reserved 1048576K
}
Event: 622.058 GC heap after
{Heap after GC invocations=18 (full 0):
 garbage-first heap   total 75776K, used 37867K [0x000000008ac00000, 0x0000000100000000)
  region size 1024K, 1 young (1024K), 1 survivors (1024K)
 Metaspace       used 58804K, committed 59456K, reserved 1114112K
  class space    used 7658K, committed 8000K, reserved 1048576K
}
Event: 966.415 GC heap before
{Heap before GC invocations=18 (full 0):
 garbage-first heap   total 75776K, used 60395K [0x000000008ac00000, 0x0000000100000000)
  region size 1024K, 23 young (23552K), 1 survivors (1024K)
 Metaspace       used 59432K, committed 60096K, reserved 1114112K
  class space    used 7658K, committed 8000K, reserved 1048576K
}
Event: 966.461 GC heap after
{Heap after GC invocations=19 (full 0):
 garbage-first heap   total 75776K, used 37860K [0x000000008ac00000, 0x0000000100000000)
  region size 1024K, 1 young (1024K), 1 survivors (1024K)
 Metaspace       used 59432K, committed 60096K, reserved 1114112K
  class space    used 7658K, committed 8000K, reserved 1048576K
}
Event: 1301.049 GC heap before
{Heap before GC invocations=20 (full 0):
 garbage-first heap   total 75776K, used 60388K [0x000000008ac00000, 0x0000000100000000)
  region size 1024K, 24 young (24576K), 1 survivors (1024K)
 Metaspace       used 59757K, committed 60352K, reserved 1114112K
  class space    used 7658K, committed 8000K, reserved 1048576K
}
Event: 1301.071 GC heap after
{Heap after GC invocations=21 (full 0):
 garbage-first heap   total 75776K, used 37983K [0x000000008ac00000, 0x0000000100000000)
  region size 1024K, 1 young (1024K), 1 survivors (1024K)
 Metaspace       used 59757K, committed 60352K, reserved 1114112K
  class space    used 7658K, committed 8000K, reserved 1048576K
}
Event: 1321.225 GC heap before
{Heap before GC invocations=21 (full 0):
 garbage-first heap   total 75776K, used 40031K [0x000000008ac00000, 0x0000000100000000)
  region size 1024K, 3 young (3072K), 1 survivors (1024K)
 Metaspace       used 59764K, committed 60416K, reserved 1114112K
  class space    used 7658K, committed 8000K, reserved 1048576K
}
Event: 1321.249 GC heap after
{Heap after GC invocations=22 (full 0):
 garbage-first heap   total 75776K, used 37535K [0x000000008ac00000, 0x0000000100000000)
  region size 1024K, 1 young (1024K), 1 survivors (1024K)
 Metaspace       used 59764K, committed 60416K, reserved 1114112K
  class space    used 7658K, committed 8000K, reserved 1048576K
}

